This is pdfTeX, Version 3.14159265-2.6-1.40.19 (TeX Live 2018) (preloaded format=pdflatex 2018.9.13)  11 OCT 2018 15:10
entering extended mode
 restricted \write18 enabled.
 file:line:error style messages enabled.
 %&-line parsing enabled.
**Main.tex
(./Main.tex
LaTeX2e <2018-04-01> patch level 2
Babel <3.18> and hyphenation patterns for 84 language(s) loaded.
(/usr/local/texlive/2018/texmf-dist/tex/latex/base/report.cls
Document Class: report 2014/09/29 v1.4h Standard LaTeX document class
(/usr/local/texlive/2018/texmf-dist/tex/latex/base/size11.clo
File: size11.clo 2014/09/29 v1.4h Standard LaTeX file (size option)
)
\c@part=\count80
\c@chapter=\count81
\c@section=\count82
\c@subsection=\count83
\c@subsubsection=\count84
\c@paragraph=\count85
\c@subparagraph=\count86
\c@figure=\count87
\c@table=\count88
\abovecaptionskip=\skip41
\belowcaptionskip=\skip42
\bibindent=\dimen102
)
(/usr/local/texlive/2018/texmf-dist/tex/latex/titlesec/titlesec.sty
Package: titlesec 2016/03/21 v2.10.2 Sectioning titles
\ttl@box=\box26
\beforetitleunit=\skip43
\aftertitleunit=\skip44
\ttl@plus=\dimen103
\ttl@minus=\dimen104
\ttl@toksa=\toks14
\titlewidth=\dimen105
\titlewidthlast=\dimen106
\titlewidthfirst=\dimen107
)
(/usr/local/texlive/2018/texmf-dist/tex/latex/xcolor/xcolor.sty
Package: xcolor 2016/05/11 v2.12 LaTeX color extensions (UK)

(/usr/local/texlive/2018/texmf-dist/tex/latex/graphics-cfg/color.cfg
File: color.cfg 2016/01/02 v1.6 sample color configuration
)
Package xcolor Info: Driver file: pdftex.def on input line 225.

(/usr/local/texlive/2018/texmf-dist/tex/latex/graphics-def/pdftex.def
File: pdftex.def 2018/01/08 v1.0l Graphics/color driver for pdftex
)
Package xcolor Info: Model `cmy' substituted by `cmy0' on input line 1348.
Package xcolor Info: Model `hsb' substituted by `rgb' on input line 1352.
Package xcolor Info: Model `RGB' extended on input line 1364.
Package xcolor Info: Model `HTML' substituted by `rgb' on input line 1366.
Package xcolor Info: Model `Hsb' substituted by `hsb' on input line 1367.
Package xcolor Info: Model `tHsb' substituted by `hsb' on input line 1368.
Package xcolor Info: Model `HSB' substituted by `hsb' on input line 1369.
Package xcolor Info: Model `Gray' substituted by `gray' on input line 1370.
Package xcolor Info: Model `wave' substituted by `hsb' on input line 1371.

(/usr/local/texlive/2018/texmf-dist/tex/latex/graphics/dvipsnam.def
File: dvipsnam.def 2016/06/17 v3.0m Driver-dependent file (DPC,SPQR)
))
(./Main.aux (./preface.aux) (./abstract.aux) (./introduction.aux)
(./methodology.aux) (./results.aux) (./notes.aux))
\openout1 = `Main.aux'.

LaTeX Font Info:    Checking defaults for OML/cmm/m/it on input line 24.
LaTeX Font Info:    ... okay on input line 24.
LaTeX Font Info:    Checking defaults for T1/cmr/m/n on input line 24.
LaTeX Font Info:    ... okay on input line 24.
LaTeX Font Info:    Checking defaults for OT1/cmr/m/n on input line 24.
LaTeX Font Info:    ... okay on input line 24.
LaTeX Font Info:    Checking defaults for OMS/cmsy/m/n on input line 24.
LaTeX Font Info:    ... okay on input line 24.
LaTeX Font Info:    Checking defaults for OMX/cmex/m/n on input line 24.
LaTeX Font Info:    ... okay on input line 24.
LaTeX Font Info:    Checking defaults for U/cmr/m/n on input line 24.
LaTeX Font Info:    ... okay on input line 24.

(/usr/local/texlive/2018/texmf-dist/tex/context/base/mkii/supp-pdf.mkii
[Loading MPS to PDF converter (version 2006.09.02).]
\scratchcounter=\count89
\scratchdimen=\dimen108
\scratchbox=\box27
\nofMPsegments=\count90
\nofMParguments=\count91
\everyMPshowfont=\toks15
\MPscratchCnt=\count92
\MPscratchDim=\dimen109
\MPnumerator=\count93
\makeMPintoPDFobject=\count94
\everyMPtoPDFconversion=\toks16
)
LaTeX Font Info:    External font `cmex10' loaded for size
(Font)              <12> on input line 25.
LaTeX Font Info:    External font `cmex10' loaded for size
(Font)              <8> on input line 25.
LaTeX Font Info:    External font `cmex10' loaded for size
(Font)              <6> on input line 25.
 [1

{/usr/local/texlive/2018/texmf-var/fonts/map/pdftex/updmap/pdftex.map}]
\openout2 = `preface.aux'.


(./preface.tex) [1

]
\openout2 = `abstract.aux'.

 (./abstract.tex) [2


] (./Main.toc
LaTeX Font Info:    External font `cmex10' loaded for size
(Font)              <10.95> on input line 2.

Overfull \hbox (4.74205pt too wide) in paragraph at lines 5--5
 [][] []\OT1/cmr/m/n/10.95 Zero Emis-sion Neigh-bour-hoods, ZEN, Def-i-ni-tion,
 Goals 
 []

)
\tf@toc=\write3
\openout3 = `Main.toc'.

 [3


]
\openout2 = `introduction.aux'.

 (./introduction.tex
Chapter 1.

LaTeX Warning: Citation `someone' on page 4 undefined on input line 5.


Underfull \hbox (badness 10000) in paragraph at lines 4--7

 []


LaTeX Warning: Citation `IPCC2015' on page 4 undefined on input line 8.


Underfull \hbox (badness 10000) in paragraph at lines 8--9

 []


LaTeX Warning: Citation `buildings directive' on page 4 undefined on input line
 12.


Underfull \hbox (badness 10000) in paragraph at lines 10--13

 []


LaTeX Warning: Citation `Lotteau2015' on page 4 undefined on input line 14.


LaTeX Warning: Citation `Popovici2013' on page 4 undefined on input line 14.


LaTeX Warning: Citation `ZENJan' on page 4 undefined on input line 14.


LaTeX Warning: Citation `ZENDefinition' on page 4 undefined on input line 14.


Underfull \hbox (badness 10000) in paragraph at lines 14--15

 []

[4


]

LaTeX Warning: Citation `a' on page 5 undefined on input line 16.


LaTeX Warning: Citation `b' on page 5 undefined on input line 16.


LaTeX Warning: Citation `a' on page 5 undefined on input line 16.


LaTeX Warning: Citation `a' on page 5 undefined on input line 16.


LaTeX Warning: Citation `a' on page 5 undefined on input line 16.


LaTeX Warning: Citation `a' on page 5 undefined on input line 16.


LaTeX Warning: Citation `a' on page 5 undefined on input line 16.


LaTeX Warning: Citation `Lottau2015' on page 5 undefined on input line 16.


LaTeX Warning: Citation `report2017ZEN' on page 5 undefined on input line 16.


LaTeX Warning: Citation `Lottau2015' on page 5 undefined on input line 16.


LaTeX Warning: Citation `others' on page 5 undefined on input line 16.


Underfull \hbox (badness 10000) in paragraph at lines 16--17

 []


Underfull \hbox (badness 10000) in paragraph at lines 18--19

 []


LaTeX Warning: Citation `ZENwebsite' on page 5 undefined on input line 20.


LaTeX Warning: Citation `ZENwebsite' on page 5 undefined on input line 20.


Underfull \hbox (badness 10000) in paragraph at lines 20--21

 []


LaTeX Warning: Citation `ZENJan' on page 5 undefined on input line 22.


Underfull \hbox (badness 10000) in paragraph at lines 22--23

 []

[5]
Underfull \hbox (badness 10000) in paragraph at lines 24--25

 []


Underfull \hbox (badness 10000) in paragraph at lines 26--32

 []


Underfull \hbox (badness 10000) in paragraph at lines 26--32

 []


Underfull \hbox (badness 10000) in paragraph at lines 26--32

 []


LaTeX Warning: Citation `IPCCIndustry' on page 6 undefined on input line 33.

[6] (./literatureReview.tex
Overfull \hbox (3.0112pt too wide) in paragraph at lines 2--2
|[]\OT1/cmr/bx/n/12 Zero Emis-sion Neigh-bour-hoods, ZEN, Def-i-ni-tion, Goals
 []


Overfull \hbox (1.08344pt too wide) in paragraph at lines 12--12
|[]\OT1/cmr/bx/n/12 Zero Emis-sion Build-ings and Zero Emis-sion Neigh-bour-
 []

[7] [8]
Overfull \hbox (6.53859pt too wide) in paragraph at lines 65--69
[]\OT1/cmr/m/n/10.95 - From zero emis-sion build-ings to zero emis-sion neigh-b
our-hoods. Hotspots.
 []


Overfull \hbox (6.53859pt too wide) in paragraph at lines 88--92
[]\OT1/cmr/m/n/10.95 - From zero emis-sion build-ings to zero emis-sion neigh-b
our-hoods. Hotspots.
 []

[9]) [10]) [11]
\openout2 = `methodology.aux'.

 (./methodology.tex
Chapter 2.
) [12



]
\openout2 = `results.aux'.

 (./results.tex
Chapter 3.
) [13



]
\openout2 = `notes.aux'.

 (./notes.tex
Chapter 4.

Overfull \hbox (6.53859pt too wide) in paragraph at lines 8--12
[]\OT1/cmr/m/n/10.95 - From zero emis-sion build-ings to zero emis-sion neigh-b
our-hoods. Hotspots.
 []

) [14



] (./Main.bbl) [15


] (./Main.aux (./preface.aux) (./abstract.aux)
(./introduction.aux) (./methodology.aux) (./results.aux) (./notes.aux))

LaTeX Warning: There were undefined references.

 ) 
Here is how much of TeX's memory you used:
 1584 strings out of 492649
 19516 string characters out of 6129622
 91590 words of memory out of 5000000
 5465 multiletter control sequences out of 15000+600000
 10070 words of font info for 35 fonts, out of 8000000 for 9000
 1141 hyphenation exceptions out of 8191
 23i,6n,35p,1115b,179s stack positions out of 5000i,500n,10000p,200000b,80000s
</usr/local/texlive/2018/texmf-dist/fonts/type1/public/amsfonts/cm/cmbx10.pfb
></usr/local/texlive/2018/texmf-dist/fonts/type1/public/amsfonts/cm/cmbx12.pfb>
</usr/local/texlive/2018/texmf-dist/fonts/type1/public/amsfonts/cm/cmr10.pfb></
usr/local/texlive/2018/texmf-dist/fonts/type1/public/amsfonts/cm/cmr12.pfb></us
r/local/texlive/2018/texmf-dist/fonts/type1/public/amsfonts/cm/cmr17.pfb></usr/
local/texlive/2018/texmf-dist/fonts/type1/public/amsfonts/cm/cmti10.pfb>
Output written on Main.pdf (16 pages, 115942 bytes).
PDF statistics:
 80 PDF objects out of 1000 (max. 8388607)
 55 compressed objects within 1 object stream
 0 named destinations out of 1000 (max. 500000)
 1 words of extra memory for PDF output out of 10000 (max. 10000000)

